<?xml version="1.0" encoding="UTF-8"?>
<!-- Generated by org.testng.reporters.JUnitReportReporter -->
<testsuite skipped="0" hostname="SAALAGES-MPUEB" name="com.qa.tech.testscripts.HomePageTest" tests="2" failures="0" timestamp="21 Aug 2018 05:37:53 GMT" time="33.715" errors="0">
  <testcase name="searchNavigatePageTest" time="16.673" classname="com.qa.tech.testscripts.HomePageTest"/>
  <testcase name="clickOnTeamLinkTest" time="17.042" classname="com.qa.tech.testscripts.HomePageTest"/>
</testsuite> <!-- com.qa.tech.testscripts.HomePageTest -->
