<?xml version="1.0" encoding="UTF-8"?>
<!-- Generated by org.testng.reporters.JUnitReportReporter -->
<testsuite skipped="0" hostname="SAALAGES-MPUEB" name="com.qa.tech.testscripts.HomePageTest" tests="2" failures="0" timestamp="21 Aug 2018 10:28:50 GMT" time="21.459" errors="0">
  <testcase name="searchNavigateToHomePageTest" time="9.729" classname="com.qa.tech.testscripts.HomePageTest"/>
  <testcase name="clickOnTeamLinkTest" time="11.730" classname="com.qa.tech.testscripts.HomePageTest"/>
</testsuite> <!-- com.qa.tech.testscripts.HomePageTest -->
